5.000 0.800 0.000 0.800
3.000 3.000 1.000 2.000
3.000 3.000 1.000 2.000
4.000 7.000 2.000 6.000
5.000 0.800 0.000 0.800
13.756 7.204 2.956 5.304
-1.000 47.500 0.000 37.500
0.875 28.750 1.875 18.750
2.713 10.371 3.713 0.371
2.750 10.000 3.750 0.000
2.788 9.621 3.788 -0.379
-1.000 -27.500 0.000 -37.500
-2.875 -8.750 -1.875 -18.750
-4.713 9.629 -3.713 -0.371
-4.750 10.000 -3.750 0.000
-4.788 10.379 -3.788 0.379
-3.750 47.500 -3.750 37.500
3.750 47.500 3.750 37.500
3.750 10.375 3.750 0.375
3.750 10.000 3.750 0.000
3.750 9.625 3.750 -0.375
3.750 -27.500 3.750 -37.500
-3.750 -27.500 -3.750 -37.500
-3.750 9.625 -3.750 -0.375
-3.750 10.000 -3.750 0.000
-3.750 10.375 -3.750 0.375
-0.875 28.750 -1.875 18.750
1.000 47.500 0.000 37.500
4.788 10.379 3.788 0.379
4.750 10.000 3.750 0.000
4.713 9.629 3.713 -0.371
2.875 -8.750 1.875 -18.750
1.000 -27.500 0.000 -37.500
-2.788 9.621 -3.788 -0.379
-2.750 10.000 -3.750 0.000
-2.713 10.371 -3.713 0.371
9.629 4.713 -0.371 3.713
10.000 4.750 0.000 3.750
10.379 4.788 0.379 3.788
47.500 1.000 37.500 0.000
28.750 -0.875 18.750 -1.875
10.371 -2.713 0.371 -3.713
10.000 -2.750 0.000 -3.750
9.621 -2.788 -0.379 -3.788
-27.500 1.000 -37.500 0.000
-8.750 2.875 -18.750 1.875
9.625 3.750 -0.375 3.750
10.000 3.750 0.000 3.750
10.375 3.750 0.375 3.750
47.500 3.750 37.500 3.750
47.500 -3.750 37.500 -3.750
10.375 -3.750 0.375 -3.750
10.000 -3.750 0.000 -3.750
9.625 -3.750 -0.375 -3.750
-27.500 -3.750 -37.500 -3.750
-27.500 3.750 -37.500 3.750
9.621 2.788 -0.379 3.788
10.000 2.750 0.000 3.750
10.371 2.713 0.371 3.713
28.750 0.875 18.750 1.875
47.500 -1.000 37.500 0.000
10.379 -4.788 0.379 -3.788
10.000 -4.750 0.000 -3.750
9.629 -4.713 -0.371 -3.713
-8.750 -2.875 -18.750 -1.875
-27.500 -1.000 -37.500 0.000
1.000 27.500 0.000 37.500
2.875 8.750 1.875 18.750
4.713 -9.629 3.713 0.371
4.750 -10.000 3.750 0.000
4.788 -10.379 3.788 -0.379
1.000 -47.500 0.000 -37.500
-0.875 -28.750 -1.875 -18.750
-2.713 -10.371 -3.713 -0.371
-2.750 -10.000 -3.750 0.000
-2.788 -9.621 -3.788 0.379
-3.750 27.500 -3.750 37.500
3.750 27.500 3.750 37.500
3.750 -9.625 3.750 0.375
3.750 -10.000 3.750 0.000
3.750 -10.375 3.750 -0.375
3.750 -47.500 3.750 -37.500
-3.750 -47.500 -3.750 -37.500
-3.750 -10.375 -3.750 -0.375
-3.750 -10.000 -3.750 0.000
-3.750 -9.625 -3.750 0.375
-2.875 8.750 -1.875 18.750
-1.000 27.500 0.000 37.500
2.788 -9.621 3.788 0.379
2.750 -10.000 3.750 0.000
2.713 -10.371 3.713 -0.371
0.875 -28.750 1.875 -18.750
-1.000 -47.500 0.000 -37.500
-4.788 -10.379 -3.788 -0.379
-4.750 -10.000 -3.750 0.000
-4.713 -9.629 -3.713 0.371
-10.371 2.713 -0.371 3.713
-10.000 2.750 0.000 3.750
-9.621 2.788 0.379 3.788
27.500 -1.000 37.500 0.000
8.750 -2.875 18.750 -1.875
-9.629 -4.713 0.371 -3.713
-10.000 -4.750 0.000 -3.750
-10.379 -4.788 -0.379 -3.788
-47.500 -1.000 -37.500 0.000
-28.750 0.875 -18.750 1.875
-10.375 3.750 -0.375 3.750
-10.000 3.750 0.000 3.750
-9.625 3.750 0.375 3.750
27.500 3.750 37.500 3.750
27.500 -3.750 37.500 -3.750
-9.625 -3.750 0.375 -3.750
-10.000 -3.750 0.000 -3.750
-10.375 -3.750 -0.375 -3.750
-47.500 -3.750 -37.500 -3.750
-47.500 3.750 -37.500 3.750
-10.379 4.788 -0.379 3.788
-10.000 4.750 0.000 3.750
-9.629 4.713 0.371 3.713
8.750 2.875 18.750 1.875
27.500 1.000 37.500 0.000
-9.621 -2.788 0.379 -3.788
-10.000 -2.750 0.000 -3.750
-10.371 -2.713 -0.371 -3.713
-28.750 -0.875 -18.750 -1.875
-47.500 1.000 -37.500 0.000
19.838 30.247 1.838 5.247
19.838 30.247 1.838 5.247
19.838 30.247 1.838 5.247
19.838 30.247 1.838 5.247
19.838 30.247 1.838 5.247
19.838 30.247 1.838 5.247
264.497 -364.433 430.779 -544.687
-920.142 375.283 -709.104 335.478
-1324.480 -1553.784 153.653 -656.524
706.991 794.858 24.173 -392.190
936.938 696.854 -777.878 -171.206
618.928 779.546 -72.120 -820.914
-1022.194 267.816 -239.250 253.285
-365.173 90.388 -66.411 -685.874
1162.180 -34.131 -41.429 408.629
-1001.376 356.260 19.561 539.806
1401.999 58.207 664.419 -194.212
3230.956 -517.838 2680.864 -458.106
-695.602 169.689 -930.574 844.981
690.930 -2100.117 724.572 -1496.113
382.845 -730.776 -368.919 736.911
-210.026 -1635.418 457.276 -283.637
1913.829 -1251.865 945.578 -696.913
-2730.638 -1896.114 -2198.489 -1611.537
-1476.964 -199.618 -222.625 -9.891
551.935 -1414.050 476.608 -947.054
77.685 417.335 -52.341 -464.387
-853.961 -652.395 346.995 130.941
262.368 -758.376 -415.957 -344.595
-182.929 791.870 -221.651 -309.334
86.566 -1000.285 104.676 -403.572
-625.275 -698.247 974.674 -127.945
-185.466 29.632 -447.545 196.987
-386.938 -682.900 -41.561 749.039
-200.984 -767.109 -114.203 908.291
15593.962 114550.765 15509.340 113930.750
2236.831 1590.330 1369.032 1042.004
-7444.824 3830.892 -6532.118 3513.461
-2267.549 -1956.456 -926.498 -829.491
101.171 208.083 187.007 -852.994
-413.934 92.491 -469.106 -844.543
-84.642 1780.630 495.318 1793.883
-534.470 -1187.903 323.184 632.411
108.568 64.953 411.805 133.171
2561.111 846.709 1833.125 635.465
-653.444 -216.353 879.819 -393.338
478.446 -547.552 535.663 556.861
545.940 684.899 -565.273 845.977
-1851.570 -290.627 -765.964 -311.474
847.619 364.018 -360.731 576.400
-817.168 841.951 -205.678 409.034
906.716 -652.316 450.682 383.041
673.283 -948.405 501.098 544.732
-473.061 893.419 672.478 -83.164
426.143 -649.176 151.714 -480.390
361.944 721.319 338.448 -117.589
-533.440 415.637 847.493 435.488
256.565 291.033 -273.223 545.798
-297.433 -1014.505 497.700 736.916
1361.765 -4745.807 1263.115 -4482.767
314.155 -1179.719 -273.777 595.171
-410.995 -478.706 3.293 -627.019
646.797 -1038.205 85.445 -116.104
-1187.867 -1055.866 -771.205 -757.642
-414.503 1100.288 678.364 -328.123
196.186 519.344 -340.614 390.440
-258.142 1107.115 646.476 -580.933
165.858 -730.603 920.629 77.862
-941.728 653.538 -747.487 -79.152
-1616.070 -1021.225 -238.395 0.381
-870.365 449.271 -16.565 -340.831
219.713 709.640 627.877 -642.437
-329.912 470.543 -773.815 55.281
-267.707 772.040 -260.502 350.602
614.770 280.223 131.199 851.675
733.363 -458.885 -636.174 -373.245
-575.126 1166.574 356.934 -525.266
243.045 -1126.781 -278.425 -452.698
839.165 99.719 63.614 502.221
-461.632 619.159 850.758 -97.767
116.655 -1967.361 325.853 -112.599
-322.999 586.151 436.109 548.254
717.763 -174.215 36.502 -656.112
225.046 -587.273 -542.194 559.366
-1006.332 3662.813 -1003.576 2883.730
-350.499 -336.551 -754.903 -678.149
846.291 40.955 -722.371 -282.778
406.719 974.129 91.162 -470.625
-230.727 648.052 -604.854 -48.480
-980.132 -494.728 847.195 460.926
-2789.941 7800.455 -2647.271 7887.202
-1135.569 -1812.733 -1660.220 -1849.892
860.540 397.883 1294.858 -1006.089
-759.413 -794.335 -684.633 19.130
-245.107 1174.697 -231.331 -530.475
240.885 913.787 -454.714 289.734
211.769 224.610 757.977 -515.134
36.298 -999.552 -160.634 123.853
845.789 3438.930 839.325 2879.051
205.531 152.059 -281.955 858.253
-727.748 638.096 208.993 210.254
590.683 -77.000 -648.917 172.054
-1552.128 -1590.660 -1351.232 -1700.311
-803.312 -1161.831 405.259 -663.961
-329.117 -195.626 578.804 547.741
406.735 322.343 198.309 -736.618
772.819 -854.752 854.913 395.377
186.094 553.299 956.488 -416.250
2875.914 202.359 1809.194 319.799
921.469 1463.915 -52.093 90.988
-782.175 -619.441 160.719 125.332
-9.322 -1053.244 -288.590 742.902
497.435 -725.083 -624.954 16.056
-528.971 200.870 914.407 277.862
501.407 1210.844 357.206 1189.915
-822.822 315.673 -844.597 -331.897
605.905 -883.459 197.597 427.265
131.038 -527.394 -61.174 -84.595
559.678 -3.084 -498.030 67.993
-591.920 524.424 -108.530 74.014
87.638 179.484 -30.351 672.730
942.363 1092.741 -72.086 -233.562
781.964 2196.103 812.013 1357.010
-957.506 702.640 242.089 835.900
-439.615 198.272 415.880 -178.899
-1423.355 606.850 208.155 -87.016
1662.296 3157.156 347.472 1451.672
7200.905 -4440.569 7689.934 -4718.611
-859.494 478.976 779.740 250.937
-502.062 -911.907 750.888 -283.070
-571.580 -1624.160 -952.147 58.341
-668.258 -322.711 -804.568 836.919
-128.115 -1486.432 347.096 -288.644
897.394 452.195 -454.533 -324.950
395.038 -1264.695 -132.506 69.181
-656.368 93.132 -545.014 -663.680
198.473 238.021 -611.503 -598.581
727.613 923.346 447.086 -200.061
-459.463 -91.692 509.526 -26.820
-269.423 421.653 527.129 -753.303
774.892 636.175 -185.488 770.284
-305.159 1992.834 357.454 1868.694
-857.652 1944.867 -406.545 827.589
-866.186 -44.258 270.362 -753.602
-79.329 607.238 -150.318 955.999
836.661 0.164 -634.036 669.062
-993.662 834.227 -208.216 -421.327
229.879 -784.943 482.197 626.120
444.563 302.468 -548.428 -931.523
1904.471 -428.508 1070.648 -522.083
762.963 -511.251 408.389 179.399
-175.219 129.230 619.301 699.655
-214.299 128.603 421.652 514.204
-653.076 -645.626 -124.910 211.052
265.382 284.266 -566.137 638.569
-1569.505 -1736.325 -1625.027 -1367.762
1280.924 941.622 1017.346 886.301
-1305.956 743.257 61.020 -1061.297
937.420 -349.886 -74.300 494.650
619.830 2170.692 409.985 769.188
1072.699 -422.735 -420.315 -433.676
6816.057 7670.004 6110.626 6841.118
1604.495 321.752 246.455 327.179
22621.132 -7283.357 23698.258 -7684.376
175226.710 -230866.601 175745.619 -231547.075
404.005 214.633 625.637 -640.669
1404.677 628.322 757.028 678.110
-476.795 -2434.094 -142.234 -1452.042
-952.976 -1732.618 -767.088 80.502
-1017.752 -1153.943 153.309 350.941
2638.647 2188.870 1823.845 1756.829
-555.689 603.774 -179.490 -660.663
377.442 -343.003 -13.782 -723.577
-1706.378 -645.205 -1239.946 -687.131
-256076.694 -54227.007 -256495.299 -54315.415
-310.696 136.290 -134.373 837.008
-380.830 1133.321 414.482 -134.818
394.892 -559.727 -309.626 633.688
172.548 -1104.992 -563.248 -1152.547
120.409 961.517 241.150 -613.864
507.957 625.202 -237.202 -440.829
1471.350 1746.981 2119.928 1669.826
69.313 872.463 -409.201 88.629
640.975 -982.771 -726.270 405.030
1804.619 114.837 772.663 235.539
3654.162 -884.194 3286.366 -588.062
-125.844 133.739 737.084 -475.174
579.757 101.696 753.900 -291.533
-137.990 -690.064 593.680 304.652
-1169.120 303.641 -11.691 -5.453
-589.008 367.333 463.258 579.340
886.742 -779.930 -492.118 -168.382
-155.401 373.146 -277.148 510.801
3633.174 3852.609 2636.566 2730.318
-374.305 863.883 140.211 582.872
72.765 -1793.244 88.165 -995.044
-1415.006 -760.469 -2044.162 -1304.024
-360.662 -36.503 -104.897 523.521
-5312.850 5645.551 -4194.651 4536.694
837.517 433.916 -472.492 -409.695
-1059.509 1383.868 -786.772 1388.445
131.700 -532.171 -748.054 -242.849
224.022 -494.250 556.583 161.166
702.934 -196.173 -526.712 -824.272
-761.018 365.343 831.178 543.746
971.565 -413.215 1082.587 -658.123
-1182.138 -417.465 -422.325 852.917
-600.897 -136.307 449.398 167.886
7726.970 -4760.495 7229.150 -4472.078
495.045 -354.820 -890.700 95.072
-1276.356 -190.838 -234.010 -105.807
-2513.673 -1254.370 -1270.723 -415.441
1760.362 -364.363 1695.432 -858.811
-575.608 -24.817 250.945 -315.441
1.218 -1183.469 146.181 489.093
-1933.348 389.979 -326.581 -494.505
904.423 572.066 -543.182 -245.470
577.572 245.086 -353.980 -627.572
-1015.329 -468.643 -3.227 -129.483
-736.915 4257.985 -790.434 4387.636
-230.196 -413.275 -140.635 136.549
310.085 85.075 782.958 -569.159
-63.243 -856.494 -463.176 151.307
-1485.348 2290.553 -1496.254 2001.403
-899.690 -662.356 175.885 125.248
-406.318 -1402.298 642.322 -182.455
183.415 1297.082 -532.333 -225.890
714.308 -717.975 -150.848 157.021
410.370 -716.599 338.145 754.769
-77.257 639.373 -958.346 -2.601
-16.829 -696.211 624.537 358.537
-278.136 146.743 -694.945 698.614
-563.272 -1055.466 -141.720 338.096
4310.288 -333.570 4444.972 -296.506
-1539.922 -1315.200 -933.259 -748.182
889.180 583.729 -277.036 -728.568
-754.378 813.242 -219.302 573.043
709.181 -153.711 -427.561 -661.667
-1102.115 1130.990 -95.946 -127.176
907.195 -200.505 469.643 -477.810
-5.875 -451.551 663.156 -691.392
-471.722 -826.201 479.999 -244.775
12759.865 -2758.943 13223.764 -2791.024
445.280 1000.763 -682.571 -555.662
-950.915 -713.804 290.416 -198.347
7984.034 11305.381 7849.452 11132.464
-1616.831 1325.415 67.271 -246.068
219.102 374.102 -861.919 585.225
-206.975 -1372.434 -550.121 26.122
1025.810 896.468 227.241 -274.188
-547.389 413.246 -438.922 23.420
806.454 -103.703 -280.413 -540.979
980.917 963.214 -366.918 -306.146
-1423.819 -1061.278 -1046.761 -1004.250
-260.641 -821.408 -312.277 -634.872
174.055 -1428.127 668.933 -238.235
-503.660 697.624 -488.415 -449.867
106.853 4191.140 -199.864 3203.627
464.058 333.536 56.124 610.667
72.378 45.136 557.914 -664.040
-170.456 564.714 -490.243 135.582
-3901.295 -4209.504 -3128.036 -3437.862
287.403 -173.763 674.376 -92.601
169.350 892.250 -817.191 190.176
-452.408 526.919 -255.351 506.534
-2226.387 70.948 -1850.605 969.970
-1385.021 1960.241 -588.178 846.535
-689.636 -72.838 325.370 -92.476
-170.108 695.579 406.253 -648.290
-497.979 -2421.309 -914.212 -1683.502
-30.572 1327.136 -96.558 -220.418
-784.098 42.190 326.418 -36.223
-563.382 -251.661 -1054.354 -19.094
-305.053 151.042 62.669 -774.096
242.600 39.474 709.237 810.047
1245.360 -148.065 1100.651 223.822
229.356 566.890 190.364 909.024
1558.788 266.116 1083.023 446.897
-893.624 208.936 7.270 405.402
-639.150 675.462 726.416 -848.619
1773.326 1841.292 916.352 781.686
255.404 -273.407 244.839 -48.485
1367.923 -519.153 606.156 -559.622
187.298 -1638.715 506.789 -763.459
-907.127 267.554 948.179 269.104
-969.967 143.268 557.518 208.716
-115.846 576.253 -108.259 -377.163
282.719 -1974.302 615.823 -2288.392
275.586 497.045 -517.113 86.771
1516.917 2365.201 310.959 779.567
-288.099 -129.941 384.509 -669.302
743.115 -626.506 454.421 224.384
-733.823 491.071 -21.409 796.341
1361.767 464.013 136.516 -158.424
-785.614 -10.682 628.274 -155.990
721.639 488.474 -704.516 -643.798
50.993 -826.797 -191.274 -720.766
-885.694 -559.944 713.006 -190.090
27032.936 7216.589 25319.123 6757.109
474.643 -751.914 -169.071 -860.891
1620.235 -1417.521 2068.985 -1913.867
-5264.829 -4240.985 -4537.906 -3835.977
-305.511 1223.994 -554.852 96.454
1221.486 -1138.359 -92.526 71.620
-223.784 -835.532 -394.695 299.337
-543.023 1001.486 -27.167 -237.715
2057.739 674.454 639.823 680.660
474.795 723.802 -892.123 -175.252
-29.606 -1212.461 -554.370 495.318
312.696 1581.503 -531.486 -399.461
-1.947 -855.900 -850.861 -823.309
1217.868 1276.720 554.319 331.677
1313.835 422.763 -219.903 745.910
-239.678 353.615 744.815 -165.774
-111.569 -3928.786 -30.206 -3442.405
1393.705 -614.143 398.402 -233.876
758.517 -665.273 487.070 505.416
-605.235 511.990 -429.831 -532.483
-945.629 244.446 -663.711 -525.488
-1237.947 -5.097 54.182 -825.205
-89.912 -2336.961 -334.379 -1736.601
-821.452 -1938.651 -1020.067 -1010.703
-863.202 -767.169 -508.923 -54.531
409.558 608.000 459.290 312.151
688.710 -143.891 391.099 424.755
62.554 -861.434 335.621 234.798
1272.967 2222.536 647.695 825.932
-764.862 -579.153 686.285 -500.952
12.745 449.383 -131.448 909.233
703.702 439.406 -143.954 -272.624
1353.447 -1461.046 404.978 -660.325
-1004.202 410.398 489.439 814.976
446.273 -1339.908 -75.040 -57.527
-719.319 419.355 -378.463 -830.618
522.156 -862.981 -220.686 -47.107
687.287 -459.374 -438.616 781.362
4437.615 -1937.153 4467.492 -1697.105
714.127 -1047.241 -642.408 766.342
545.230 929.530 -519.255 461.313
510.753 -775.905 -249.270 -324.320
-363.742 -4.441 -604.844 -326.099
1146.731 795.606 853.462 729.771
-358.691 -6.652 25.477 -669.827
2669.064 -1353.683 1484.369 -916.648
3429.542 -4068.224 3105.209 -3662.493
-207.022 -379.054 -874.635 -272.361
-476.635 -406.522 434.934 227.106
-1715.833 1228.849 -314.190 963.375
611.688 949.942 -493.082 339.886
157.260 7.270 323.078 -337.211
-81.643 696.685 -212.356 -580.465
-351.217 584.581 402.851 -418.842
-816.687 734.623 540.795 563.888
-627.142 795.782 -867.607 195.240
676.779 29.049 -263.994 -908.980
1378.348 -711.180 -289.507 632.134
810.439 1297.383 732.336 896.203
-606.222 -244.863 -594.569 946.974
-18678.777 -34199.418 -18162.913 -33300.337
1053.012 -413.852 -521.079 676.169
12893.102 -6260.764 12730.358 -6188.899
-997.787 -160.333 981.584 -324.804
-518.782 -1491.794 -855.318 -2210.119
-628.416 -559.960 28.422 289.712
34.072 -1637.891 -379.557 -321.818
-71.143 355.030 -3.704 -271.978
-769.472 3035.286 -921.155 2475.721
86.630 -505.168 -59.541 505.300
-433.488 630.625 672.322 295.456
-923.465 293.878 668.181 45.189
-890.689 -1183.245 -644.734 364.773
531.134 1021.532 -164.688 609.918
333.230 219.251 -286.141 -117.228
876.499 -888.424 593.787 -1026.192
-647.376 162.771 496.009 15.623
774.204 -622.500 153.757 -167.796
-1818.505 -1152.367 -404.412 -761.554
-655.392 22.300 -882.743 979.506
715.891 -2.513 -687.796 185.409
-603.573 940.878 933.398 879.431
-47175.716 -14230.001 -46603.309 -14075.051
-548.875 -54.931 388.602 382.495
-10361.563 7153.368 -9900.189 7007.926
1175.668 161.259 870.447 -34.292
-2269.436 1889.806 -1964.998 1454.853
-1063.316 627.883 243.143 646.749
447.930 -1270.300 251.282 -1389.077
174.375 525.329 -842.002 -869.838
-3457.307 2299.822 -2220.861 1277.188
-664.361 -691.081 -336.664 -418.762
1110.104 -3382.310 787.515 -1725.003
212.960 563.469 85.394 -28.918
-805.646 -33.225 836.162 283.393
-904.786 -1073.375 -288.598 465.066
59.734 -399.920 -653.943 -458.010
872.064 -1115.856 541.459 782.842
-121.666 -496.455 -835.920 -1224.214
-3141.100 2001.711 -1998.801 1219.493
234.523 -960.606 -252.786 -712.972
-595.750 647.464 802.171 -492.996
2867.623 -154.503 3512.674 -284.804
-838.942 756.073 -1043.700 191.903
-735.883 -1867.098 -909.705 -1267.724
30.173 802.820 77.814 -177.503
-110.224 -5.680 -607.412 -588.916
524.118 -668.685 -154.330 414.369
1036.658 -103.617 -397.612 -435.513
319.561 176.495 519.927 460.758
-6531.394 1674.359 -5613.252 1499.169
-486.620 443.762 151.942 673.694
1110.456 124.603 -292.736 -595.732
11719.102 7884.455 10750.174 7221.070
-535.791 -604.791 35.115 700.304
-814.206 465.987 708.677 -617.010
-222.125 36.718 121.486 -664.722
767.577 149.820 -548.550 -234.431
-922.983 -547.371 -1441.541 -107.311
1304.504 -232.219 -21.619 87.676
-750.116 776.164 -553.813 -337.098
-121.021 1009.172 -98.024 678.090
388.976 -124.361 494.272 505.247
1103.807 -305.729 255.943 -16.358
-1.192 1887.296 292.048 24.676
2987.754 4124.621 2746.522 4003.773
556.758 500.669 359.700 -586.930
203.944 150.086 -603.101 -583.549
330.736 -3.878 8.931 79.822
-405.525 -906.612 543.051 661.188
-4903.555 -3351.377 -3219.045 -2189.231
364.669 1223.254 759.483 -204.724
708.987 385.187 -458.425 -532.094
-289.974 349.647 582.883 821.711
631.140 -899.592 -539.345 759.290
-1664.047 1808.689 -381.196 881.426
-975.670 308.397 607.038 -117.536
-378.210 -869.347 -92.140 -271.806
-529.375 347.174 -647.794 -617.555
574.284 -204.681 821.621 15.513
386.113 -2189.615 768.060 -975.853
-921.516 2115.216 -878.846 2560.979
-814.667 -496.250 -796.500 101.640
-94.039 320.884 -236.880 -212.710
113.540 -1052.507 -918.444 -669.498
576.279 463.754 -325.632 80.485
-747.404 -752.046 547.893 271.467
-638.924 -467.749 -90.637 -413.997
752.869 639.403 -851.951 711.380
814.196 153.031 698.906 -60.506
906.841 179.253 -725.875 -390.340
4509.585 9109.647 4196.845 8289.664
454.388 -110.081 -1104.130 28.519
-331.475 -387.349 731.370 -327.828
-51.822 -1169.859 -470.366 -345.241
-1073.022 -2172.367 -1063.364 -1633.935
136.773 -199.616 527.741 -257.257
917.122 2646.786 563.831 1343.349
320.038 121.019 -232.077 42.276
243.202 -809.797 -323.222 422.914
-283.511 422.840 907.405 -224.088
-953.182 482.401 -447.782 -300.726
59.737 -894.835 543.847 445.963
-682.761 982.337 -434.653 49.430
290.029 144.281 -725.910 278.966
708.567 504.029 -52.559 -620.069
472.772 185.205 907.641 365.563
4763.768 -172.154 4440.583 39.225
-858.833 -871.132 -843.011 832.928
191.913 230.831 620.831 -251.358
5941.193 -5292.528 4808.013 -4332.538
-926.991 -665.042 889.216 575.930
961.723 -164.468 -121.748 -899.705
1327.744 1803.168 592.879 606.172
2340.002 -2174.528 1478.273 -1230.558
-4500.962 3311.115 -3551.741 2863.028
379.748 -482.076 738.397 -166.222
699.243 -870.947 -754.844 939.725
2496.815 -71.897 2240.719 -234.806
-1642.380 -88.793 -1408.689 62.134
549.485 -334.175 638.496 -798.496
617.714 -403.911 -327.884 612.417
461.701 -203.540 -503.795 -347.595
652.333 787.709 418.162 -391.838
-2488.639 3885.706 -1152.602 1926.358
855.333 -553.542 164.829 90.809
4153.847 -240.371 3465.531 -65.153
205.794 221.072 224.498 -120.236
110.740 -903.704 702.705 115.347
-643.513 -1125.462 48.292 270.059
-2881.981 899.405 -2584.368 648.384
-2429.655 3756.164 -1773.943 2750.801
-353.976 263.436 416.099 3.240
126.204 -1034.287 70.838 515.273
-767.615 743.332 -787.873 -749.708
-313.344 -774.769 405.714 -1096.648
-49575.421 -17064.298 -49838.502 -17128.021
533.280 -663.427 -416.764 -220.759
1026.398 -578.321 -143.074 347.538
-141.349 1037.108 51.881 781.961
-47676.092 305051.700 -47456.548 303616.767
-907.279 143.260 -427.887 463.326
-947.865 465.267 454.299 440.885
487.446 -250.725 -569.078 -794.275
832.843 894.590 -79.438 -165.624
68.822 1050.358 -110.990 -386.106
545.794 608.289 -157.899 49.007
382.204 -158.547 -588.514 556.939
359.155 -758.918 370.323 -519.065
427.365 36.880 203.550 330.833
281.847 537.266 -209.356 -846.271
-989.973 -641.159 -597.129 214.371
1955.468 5580.167 1447.252 4974.452
-794.146 229.806 749.663 -421.361
-858.629 1795.398 -709.237 1175.676
-1980.451 -653.722 -57.898 152.454
55.669 4.276 326.537 -655.243
-6680.174 2342.819 -5117.144 1977.683
-619.004 -363.088 917.486 -725.102
-602.722 -920.213 -711.260 712.878
-322.288 -375.438 -210.940 -717.423
-1461.455 1201.780 181.901 57.231
-783.598 988.298 -116.741 133.404
-710.175 -2700.024 -939.407 -1246.970
-608.608 -971.312 -653.600 606.109
-342.278 125.773 122.516 739.026
938.912 -963.399 -0.736 739.742
-1025.627 -1055.206 392.664 -331.218
-1621.307 394.321 -166.591 -241.688
933.681 1061.743 -612.479 -50.536
2483.836 16666.984 2463.493 16397.847
-795.698 -167.575 846.243 -257.570
484.055 1356.763 365.701 -566.684
663.050 4.340 697.495 891.978
-748.049 770.815 276.949 -18.581
712.336 161.639 850.544 -316.916
-537.685 1117.566 -130.173 818.832
290.560 89.229 -455.443 367.887
-473.596 -513.812 -369.719 495.738
607.230 -482.489 -587.147 47.423
-891.224 -439.988 -1129.438 -779.580
978.128 -255.908 -237.573 529.938
-179.521 -432.534 596.277 143.485
-711.220 1467.459 -277.970 625.773
-358.960 -246.101 904.971 -549.933
1323.766 -301.499 1621.306 -130.285
-1706.819 -869.880 -2734.830 -859.119
-575.180 61.586 188.972 107.492
1123.117 2336.708 353.741 1466.135
-1335.641 -3474.885 -1118.363 -2888.620
314.551 -245.429 -595.316 267.813
-98.698 530.671 -164.828 318.994
1801.332 -639.902 559.317 -146.345
329.613 531.738 -825.979 -168.734
1195.461 346.973 659.553 -450.093
98.106 850.130 -617.990 -297.250
-310.229 569.125 568.573 112.327
1065.027 814.267 -76.826 613.366
33967.548 -14879.009 33176.185 -14563.406
26.892 -293.966 -422.926 -426.648
890.798 770.380 -14.444 408.452
-1222.920 -1761.197 -30.909 -491.020
156.583 2153.986 595.752 928.587
-475.364 1584.279 -48.819 -128.288
71.938 -138.682 -644.406 363.050
-975.141 2009.139 -690.360 456.748
-220.100 -112.056 -353.647 25.093
927.881 -325.434 431.096 -890.912
-853.510 329.594 128.140 -315.021
-693.492 -163.185 12.997 -319.764
390.133 -822.911 156.468 92.722
-461.994 790.011 118.284 701.734
-1368.274 -1614.610 -1327.808 -1187.940
1371.236 -1000.504 530.632 -651.137
-889.161 -2482.423 -564.683 -1208.532
-579.407 -617.442 776.751 776.343
-63.077 -232.444 596.556 601.002
-3531.070 1271.261 -3677.111 1485.721
-1117.028 -462.748 239.057 -364.250
-1820.704 -790.716 -1329.609 1.402
-495.556 262.272 298.150 -895.149
-472.362 -410.532 787.454 -13.019
128.540 -1096.515 -470.838 -651.454
-427.626 2708.199 -382.009 1503.025
-213.129 -403.845 721.368 99.891
115.665 -69.874 347.423 224.804
-628.249 -558.136 -436.701 801.368
1091.310 -319.900 385.334 461.846
269.894 754.331 538.189 -587.498
119.010 -1098.829 -370.279 743.161
-344.698 1014.156 156.345 -911.486
-1339.998 -2769.474 -1427.140 -2654.984
1531.405 -179.070 -260.494 143.445
26.679 -654.158 626.383 -661.260
1368.546 3167.707 728.279 1747.759
661.290 -284.338 -794.326 -482.855
1322.401 50.395 623.248 497.962
39.274 61.056 54.127 -368.136
-856.906 342.122 -205.492 913.320
-37.931 212.160 697.130 750.158
-855.344 71.914 654.282 123.991
-96.669 1007.746 814.668 -495.628
790.333 -547.218 -126.884 220.668
2263.385 952.377 512.413 73.581
760.712 -816.888 631.630 -85.347
-81.976 -393.677 2.391 -1002.389
814.823 -607.225 342.983 4.742
-1985.215 20.270 -228.645 -739.537
5.533 -99.257 -467.647 -557.267
1264.498 245.006 -390.329 -201.686
303.881 -1278.463 53.101 -940.118
-1681.770 -252.898 -784.168 388.133
-891.067 -2075.038 -758.804 -1816.262
-218.931 82.970 53.044 -605.719
784.080 -1283.864 1273.795 -1862.598
-931.420 200.836 788.722 867.628
698.861 478.150 336.110 -511.490
-3311.100 2609.270 -1975.142 1360.845
-833.008 595.347 112.193 -9.047
597.120 173.483 90.908 346.073
-875.533 -347.327 568.541 -60.221
182.106 -886.023 584.357 -65.453
24.204 -1068.477 -368.028 -15.312
-271.925 466.845 626.270 282.480
849.261 420.447 -211.187 -254.486
83.729 -105.379 -310.365 697.116
1458.778 -59.913 -55.459 -45.968
889.234 -335.595 475.787 384.657
-30.200 -483.182 -627.956 381.590
1279.884 -1462.667 882.753 -1290.847
-915.833 -390.422 -217.317 282.029
-359.607 523.216 764.455 41.154
-983.366 121.619 301.319 406.641
704.015 511.452 899.977 1332.274
2287.339 -3096.852 1733.413 -2577.876
3814.847 -2.034 3116.254 -239.645
-262.959 131.062 607.649 -757.266
-1325.467 373.920 -989.612 36.046
-558.090 -763.558 -204.176 72.324
3043.641 557.680 2866.879 277.223
-172.281 -294.098 134.891 607.324
-26.107 -1567.350 -529.061 38.896
884.829 470.847 77.514 239.752
117.449 -835.995 -510.905 -303.376
-812.386 901.612 199.807 402.218
3961.241 2302.328 2390.076 1216.445
-1148.828 -222.949 -175.906 -449.520
-478.932 254.256 -434.299 -983.585
-435.350 329.888 21.012 8.874
-612.655 815.580 668.647 -259.776
-213.138 -813.681 201.642 622.105
652.777 -842.319 -177.621 458.745
-514.072 1025.515 -193.597 -835.952
795.646 -66.939 -98.070 90.293
428.164 -372.770 220.921 -703.235
-18562.708 -24762.512 -18070.889 -24097.884
313.958 290.547 341.623 -812.232
-654.255 788.717 79.096 -421.951
1236.502 -131.371 1391.924 155.390
-419.057 124.644 318.842 780.233
49.365 1015.008 -300.014 62.821
291.038 209.201 -688.182 -281.826
279.904 858.880 200.047 -196.763
-1169.660 -653.038 384.619 -248.880
-439.844 -861.843 -246.025 29.813
-1187.600 2537.738 -706.062 1280.046
-648.340 -788.564 194.470 -323.247
-259.566 -387.577 561.131 395.487
-1122.290 -1119.833 128.453 -672.369
55.333 1442.298 339.585 1698.448
-862.980 -108.891 499.583 426.132
-6864.526 -7611.129 -7525.863 -8413.543
-653.157 873.578 -617.033 -791.312
-357.239 335.111 271.947 -529.379
-767.576 851.481 553.944 624.015
286.545 1326.415 -818.512 77.018
-5.513 -787.620 -212.364 246.790
-321.770 -303.107 177.455 -166.970
-463.440 2086.581 -403.937 2263.458
411.075 12.703 111.105 -204.675
713.273 616.712 288.975 -864.365
700.805 967.209 -513.354 -620.730
1209.094 -1190.917 1092.856 -1242.584
-490.590 46.017 711.035 -167.159
-1048.420 822.335 357.167 -912.936
-526.601 -175.049 263.477 443.073
964.331 962.665 -121.962 -352.604
-1791.190 2005.868 -1518.083 1704.966
-1242.769 -216.181 -438.020 -581.959
387.085 937.923 485.611 -674.556
-90.397 -254.252 -789.768 698.477
189.167 -1279.516 966.183 -716.428
2765.078 1461.716 3467.583 2096.619
-1691.777 1192.064 -1857.484 1376.413
-442.250 292.220 380.179 526.335
12.667 -195.337 516.195 374.887
727.737 12.285 1445.508 1065.447
452.213 -1100.927 -264.798 430.209
684.384 -834.730 537.729 412.351
-809.980 -384.784 673.949 89.978
-212.216 3168.735 -395.926 3131.806
190.804 -73.267 84.502 -461.889
11254.294 -21694.364 10962.970 -21051.838
-953.909 -1299.549 725.186 84.279
-468.958 911.696 -126.106 521.872
221.715 221.458 876.669 468.547
675.860 666.031 1040.375 741.367
-619.060 544.296 -576.095 -533.249
505.479 626.014 -65.994 296.291
-434.815 -532.748 410.908 718.580
-326.562 277.696 -774.098 -71.624
551.209 263.900 -487.770 37.518
-679.866 -1452.784 -906.976 430.445
-16759.099 -19111.664 -16597.728 -18955.914
129.329 414.993 -641.296 160.284
179.157 41.008 242.920 634.288
-921.127 347.081 880.119 -591.198
184.226 -1030.419 398.876 -717.287
506.841 371.180 -71.093 -425.058
739.930 -677.684 155.113 622.740
277.117 595.845 -526.028 -929.087
-2396.557 534.163 -984.892 -90.913
395.040 -160.822 -157.912 -250.992
682.009 -418.533 758.257 323.565
-1592.985 266.269 215.182 -125.725
581.051 -410.503 -216.089 -266.722
3974.937 1796.676 2480.194 1529.347
-142.283 347.836 -98.912 -918.714
-71.497 894.287 -140.461 -811.244
551.267 1660.722 260.253 1461.826
645.387 396.310 297.168 244.492
1264.938 -557.800 826.825 -85.033
-383.465 694.644 -417.507 -78.964
-142.835 865.931 579.251 375.511
26509.292 -13204.830 25649.870 -12769.554
-102.542 1406.695 -288.006 738.215
601.222 -1262.396 51.512 -424.908
-722.676 -791.224 -641.214 -400.505
819.197 43.927 -36.593 791.095
1195.284 -22.354 180.216 -2.957
-970.597 -745.516 494.883 -183.471
921.093 47.471 345.753 -75.133
201.480 176.551 50.047 -265.785
1899.551 450.292 1595.596 574.633
-543.918 -607.115 -124.625 -138.404
-747.506 752.577 565.937 -806.037
319.409 -240.849 -757.993 -258.396
-194.243 56.161 -370.569 83.755
2021.666 2664.534 1224.705 1933.818
160.363 907.082 -104.872 -397.012
342.019 440.864 705.047 1116.254
-746.791 208.088 -61.865 -598.177
-623.703 512.261 -899.909 -785.235
73.527 6287.392 50.283 5160.547
-727.707 982.510 -13.615 382.303
-710.566 416.380 -108.874 -747.905
-1928.450 402.638 -1116.816 695.473
-214.158 766.723 -334.472 -556.428
-341.169 -1132.187 321.093 -157.463
161.115 440.921 0.237 -604.177
791.360 755.332 293.217 -760.404
10.791 -1051.165 472.747 458.599
358.631 -1760.038 364.602 -163.750
-453.535 444.508 465.569 200.623
2157.556 -3096.641 1849.766 -2947.561
-423.210 -917.307 -502.152 158.968
-760.553 -450.770 -760.216 -916.861
246.654 1620.532 555.391 1058.199
217.338 1224.811 392.456 -303.520
-511.343 218.018 498.226 577.908
2130.781 -1814.539 1207.676 -1612.907
-870.302 -663.589 613.512 -307.188
166.705 -781.662 211.611 425.641
867.999 1532.346 654.114 508.143
-309.262 1129.343 -370.941 733.744
679.167 -840.809 46.457 726.919
11.203 -322.424 -508.766 -1006.497
100.197 -802.121 -158.452 96.273
913.318 2885.870 941.474 3045.228
-50.307 904.251 92.459 644.923
2557.478 3359.694 2457.781 3330.641
-669.159 945.925 629.783 -490.237
-53.115 352.090 -677.575 -755.785
115.917 -342.808 558.878 105.098
-599.323 959.229 899.796 902.253
1404.111 -543.801 95.644 803.774
-120.124 -56.720 -305.195 -48.624
-1313.227 123.092 599.964 -46.122
-1962.660 3946.304 -1811.979 3305.162
-2141.042 -5911.442 -1929.315 -5494.558
-33.195 -1857.521 -452.367 -2018.795
572.809 709.307 -277.346 -651.296
-1347.093 368.325 345.134 203.304
-72970.053 -22901.822 -73131.985 -22943.406
273.220 304.487 -449.262 467.304
-694.047 -279.896 319.813 367.694
23.004 1093.643 -395.737 80.180
512.466 878.209 748.472 -341.060
985.497 -132.505 209.274 -229.692
-962.620 649.332 356.579 92.353
602.678 -1106.547 530.444 204.543
935.056 -31.594 68.943 260.244
338.273 1306.700 510.885 502.783
-389.422 486.220 506.908 78.408
1765.541 14567.533 1666.996 14014.925
542.185 700.973 -383.898 -447.290
4064.703 -32.009 3470.686 -190.794
1957.935 -949.608 988.630 -769.136
1299.665 -166.769 813.635 -357.585
-329.493 1558.772 208.654 58.723
2231.677 685.337 2436.207 804.638
-115.464 183.749 160.732 910.926
1593.001 974.821 369.128 -431.194
-621.237 148.915 -171.790 206.988
27.073 248.643 719.373 238.872
-324.664 -266.784 319.000 -791.216
5356.086 -696.407 3586.223 -529.533
-532.593 1171.172 -485.112 -221.531
141.721 26.159 198.194 690.130
1198.356 -521.245 362.698 -463.338
-529.908 301.710 326.923 120.994
-13.530 1600.434 126.156 941.402
-79.363 533.129 62.727 -920.000
-645.391 -843.994 182.963 -308.494
587.934 -724.836 -54.176 177.958
-555.669 -762.017 -828.423 -969.908
1035.586 -869.783 -542.639 693.152
-94.647 -463.333 -1196.457 350.394
-554.763 -225.656 258.303 112.257
-320.925 261.384 -314.854 697.350
-808.294 351.688 -467.826 201.809
-1750.474 -1596.093 -1153.299 -1164.008
-781.603 1637.779 -69.186 135.646
-1913.607 53.740 -170.833 -278.709
-744.584 -157.443 290.566 674.183
583.543 -32.033 756.494 697.198
-37.396 299.805 326.129 -232.796
490.374 -1274.484 516.019 -120.311
-1366.985 -2594.417 -937.422 -1932.238
531.097 -983.172 -132.954 399.841
16539.365 14584.608 16213.094 14261.150
-565.575 469.904 -174.948 32.885
-1959.178 -1326.817 -2255.232 -1277.493
1981.700 194.439 1054.572 -480.045
676.041 -660.662 -16.613 248.763
1753.806 -601.236 76.102 62.266
872.963 -297.167 12.717 152.547
1923.680 1132.216 758.842 1165.314
1256.302 -430.019 -525.795 -741.971
-508.437 -194.712 -378.601 -389.527
444.622 -268.560 -215.988 371.837
720.628 288.766 -176.884 -519.807
841.791 -567.009 -602.848 464.072
-421.239 647.625 776.777 -582.443
1652.127 2313.324 1473.056 1978.434
1.874 985.234 -676.912 -279.239
-197.267 1313.787 -248.929 -98.568
656.579 -323.054 269.743 676.589
642.190 -426.626 -369.966 -271.066
381.745 722.092 -400.379 -13.100
-394.942 -563.113 -1233.598 -1417.003
211.202 724.477 -624.652 -76.772
-388.293 916.758 -914.559 944.479
-85.942 885.196 -598.278 -281.691
-1030.562 381.710 96.439 -100.415
2269.720 2250.666 1988.065 1562.433
-806.573 -167.014 55.476 386.103
923.811 591.002 781.707 704.753
-55.273 865.484 -702.005 661.647
1154.467 -1065.412 127.096 -189.601
-459.823 695.263 -679.003 -499.619
-59.647 -157.383 466.844 -217.842
311.365 766.193 17.042 -244.000
1984.559 -78.551 1563.898 -330.395
-476.059 628.272 -1103.678 1108.490
517.267 329.312 -507.283 -452.839
-202.755 741.240 -638.207 -226.717
817.916 -73.653 465.173 -864.882
-594.102 380.557 -456.005 -525.104
-457.097 -539.587 -297.766 681.036
-787.324 252.333 -430.100 -583.374
-1895.749 -83.739 -1278.164 -645.889
38.760 794.615 196.854 348.719
996.241 564.437 -935.034 813.878
1002.471 533.867 467.764 -771.172
486.250 196.528 1001.174 -435.115
-923.429 254.903 -237.448 358.044
1405.937 -250.661 74.672 424.882
748263.193 -203166.970 747770.009 -203033.756
941.382 -629.655 -485.374 283.913
-526.916 289.754 591.662 933.113
11.324 227.288 223.773 582.157
306.142 -999.625 -700.303 -301.843
6961.476 3933.744 6198.349 3503.348
794.890 -849.811 135.533 581.437
-1318.135 -197.129 -388.716 220.978
-3726.493 -3454.664 -3363.296 -3253.931
410.591 -843.291 -52.953 549.681
439.266 -612.631 -116.133 -463.470
-672.541 1370.724 -583.405 806.446
815.894 408.984 202.477 -284.742
-4424.118 6957.065 -4584.169 7310.172
-828.466 666.388 -3.202 17.992
905.691 -130.131 -654.800 -172.132
-5887.519 8914.678 -5937.586 9079.217
9601.998 -7058.822 9580.580 -6998.916
-885.960 -269.525 -236.395 17.002
-501.344 1110.528 -481.006 540.613
-636.193 585.578 -424.122 5.945
-269.646 241.263 478.201 107.537
110.461 -1474.637 -188.261 -383.022
1742.628 106.031 1094.424 -411.944
1563.013 869.927 1699.667 467.032
-312.232 263.496 471.231 -390.850
721.277 -750.849 322.030 614.723
1512.618 -824.330 1510.516 -1230.532
1579.759 -385.956 -20.839 469.433
-1.778 -558.915 810.584 585.661
659.115 838.654 58.746 -46.934
-125.030 1972.387 379.954 1107.751
-548.406 798.099 121.910 -74.967
-419.487 444.956 859.174 655.141
547.026 520.523 97.606 593.273
207.090 858.383 -77.717 640.079
652.586 -16.032 -76.504 607.295
1215.503 -744.694 560.144 648.098
585.248 -745.793 -162.732 654.297
-794.325 -983.098 660.614 -680.276
-213.992 224.446 -7.553 944.255
39617.550 31444.495 38884.270 30867.899
-1990.680 -1406.619 -2822.835 -1654.510
162.237 -863.268 760.627 865.595
68.202 365.407 -358.679 -420.520
-351.240 -28.112 -204.808 -761.845
569.545 716.930 91.697 443.890
-2040.803 2590.044 -1534.861 1480.119
1180.082 144.826 520.446 104.869
-535.686 -495.643 520.718 350.760
-37673.252 61911.428 -38104.278 62597.970
-294.922 -1064.607 -457.227 -732.722
309.903 -120.580 817.903 756.092
21.000 -358.402 -437.669 -206.249
-2839.493 -628.225 -2402.500 -675.421
-220.056 -851.263 521.879 -246.335
623.287 -649.953 261.789 -318.225
-53.178 -558.178 -559.224 154.533
175.138 115.961 -475.583 494.990
69.688 383.886 488.290 -686.021
1185.660 -438.874 -50.125 -538.295
9033.271 2222.959 7439.306 1673.626
-411.840 613.467 806.171 909.590
-1857.441 -2133.014 -1799.667 -1894.458
-609.254 -781.472 60.329 718.516
457.669 139.065 452.006 -951.392
594.773 399.660 208.976 233.560
977.173 -470.574 130.312 116.246
-925.709 -1135.741 622.664 -238.842
911.006 677.347 -887.399 533.683
521.357 107.535 -366.209 -275.085
359.518 618.067 -450.005 -435.174
-1000.685 117.210 35.221 -290.563
856.727 -457.399 -570.775 -198.347
-64.592 596.091 945.978 434.161
-2160.924 827.384 -1449.795 198.032
-540.416 688.007 -924.139 -232.348
-890.767 -456.245 113.893 183.003
-721.810 369.851 -297.315 70.111
-1992.919 -170.127 -242.441 -638.915
-1061.218 -1072.818 343.372 406.560
-525.479 35.501 -650.876 -164.926
-671.015 222.028 86.821 -535.667
106.085 753.089 -242.487 389.745
-625.194 -643.811 -321.020 -96.825
566.848 -175.714 105.575 750.590
-57.458 233.016 -510.771 -234.067
4661.786 -1469.456 4914.659 -1748.743
-337.864 16.422 -799.042 1073.579
987.996 44.661 197.291 111.545
-556.605 -16.723 -877.266 -774.266
-498.400 410.383 -45.219 -281.944
-346.135 13.255 213.870 575.750
-846.407 -832.517 358.992 149.948
-435.618 759.967 -444.612 349.187
5918.087 -17358.436 6066.755 -17906.002
1115.421 780.762 444.530 308.069
-419.926 1073.972 159.020 -550.584
452.773 -568.211 -313.677 -907.487
1056.903 358.679 603.975 -485.793
1060.267 512.347 1034.922 348.746
-1287.156 4555.708 -1171.530 4047.711
2142.077 723.846 1998.112 877.018
19700.106 31436.253 19524.635 31115.108
1761.001 7.828 2471.900 107.480
-137.836 951.162 407.483 178.059
728.339 -29.373 74.912 52.925
-698.846 -249.439 -885.640 557.393
-508.006 -213.418 612.954 626.338
-545.875 -1135.575 133.177 248.754
-520.271 1180.890 271.288 1201.488
-7093.343 197.035 -6829.366 366.388
3697.059 -69.696 2785.785 -114.605
-12.938 -35.708 -575.808 -176.100
-237.556 1189.997 41.637 -408.444
3927.773 140.628 3973.952 61.713
139.384 -183.526 -15.813 208.843
17925.218 -672.074 16750.776 -641.359
-1194.669 64.348 206.818 -631.146
