7.650
3.414
7.650
3.414
4.606
10.944
12.649
8.000
15.000
8.062
3.000
9.831
12.649
14.485
15.000
8.246
5.162
7.071
8.000
19.000
5.000
10.236
23.230
7.472
5.831
21.095
7.000
10.440
7.000
2.000
21.095
10.303
19.736
1.414
12.042
14.324
11.858
12.071
12.000
14.243
17.330
12.725
4.472
3.650
19.053
30.000
30.050
30.100
30.248
30.396
30.638
30.881
31.211
31.541
31.951
32.361
32.842
33.324
33.868
34.413
34.758
35.023
35.332
35.683
36.074
36.503
36.968
30.000
30.050
30.100
30.248
30.396
30.638
30.881
31.211
31.541
31.951
32.361
32.842
33.324
33.868
34.413
34.758
35.023
35.332
35.683
36.074
36.503
36.968
30.000
30.050
30.100
30.248
30.396
30.638
30.881
31.211
31.541
31.951
32.361
32.842
33.324
33.868
34.413
34.758
35.023
35.332
35.683
36.074
36.503
36.968
30.000
30.050
30.100
30.248
30.396
30.638
30.881
31.211
31.541
31.951
32.361
32.842
33.324
33.868
34.413
34.758
35.023
35.332
35.683
36.074
36.503
36.968
30.000
30.050
30.100
30.248
30.396
30.638
30.881
31.211
31.541
31.951
32.361
32.842
33.324
33.868
34.413
34.758
35.023
35.332
35.683
36.074
36.503
36.968
28.284
27.586
26.907
26.249
25.612
25.000
24.413
23.854
23.324
22.825
22.361
21.932
21.541
21.190
20.881
20.616
20.396
20.224
20.100
20.025
20.000
20.025
9.246
8.280
7.325
6.385
5.472
4.606
3.828
3.236
3.000
3.236
3.828
4.606
5.472
6.243
7.000
7.831
8.708
9.616
10.544
11.487
12.440
13.402
17.246
16.280
15.325
14.385
13.472
12.606
11.828
11.236
11.000
11.236
11.828
12.606
13.180
13.402
13.705
14.083
14.530
15.038
15.601
16.213
16.866
17.556
17.849
16.944
16.062
15.211
14.403
13.657
13.000
12.472
12.123
12.000
12.123
12.472
13.000
13.369
13.649
14.000
14.416
14.892
15.422
16.000
16.620
17.279
11.220
10.246
9.280
8.325
7.385
6.472
5.606
4.828
4.236
4.000
4.236
4.828
5.472
6.000
6.657
7.403
8.211
9.062
9.944
10.849
11.770
12.705
0.000
2.000
4.000
8.000
5.385
17.720
22.561
3996.000
3996.000
3992.000
3994.000
2278.468
2278.468
194.000
194.000
4.472
2669.387
2668.621
2824.184
